<?xml version="1.0" encoding="UTF-8"?>
<robot generator="Robot 5.0 (Python 3.10.4 on win32)" generated="20220411 16:51:13.062" rpa="false" schemaversion="3">
<suite id="s1" name="pesquisaSGG1" source="C:\Users\user\Desktop\curso pha\PHA-exercicios\tests\features\pesquisaSGG1.robot">
<test id="s1-t1" name="Cenario: Pesquisar sao goncalo no g1" line="11">
<kw name="Abrir navegador" library="hooks" type="SETUP">
<kw name="Set Selenium Implicit Wait" library="SeleniumLibrary">
<arg>${CONFIG.IMPLICITY_WAIT}</arg>
<doc>Sets the implicit wait value used by Selenium.</doc>
<status status="PASS" starttime="20220411 16:51:13.719" endtime="20220411 16:51:13.720"/>
</kw>
<kw name="Open Browser" library="SeleniumLibrary">
<arg>about:blank</arg>
<arg>${CONFIG.BROWSER}</arg>
<doc>Opens a new browser instance to the optional ``url``.</doc>
<msg timestamp="20220411 16:51:13.720" level="INFO">Opening browser 'chrome' to base url 'about:blank'.</msg>
<status status="PASS" starttime="20220411 16:51:13.720" endtime="20220411 16:51:14.856"/>
</kw>
<kw name="Go To" library="SeleniumLibrary">
<arg>${CONFIG.URL}</arg>
<doc>Navigates the current browser window to the provided ``url``.</doc>
<msg timestamp="20220411 16:51:14.860" level="INFO">Opening url 'http://automationpractice.com/index.php'</msg>
<status status="PASS" starttime="20220411 16:51:14.857" endtime="20220411 16:51:20.136"/>
</kw>
<kw name="Maximize Browser Window" library="SeleniumLibrary">
<doc>Maximizes current browser window.</doc>
<status status="PASS" starttime="20220411 16:51:20.136" endtime="20220411 16:51:20.254"/>
</kw>
<status status="PASS" starttime="20220411 16:51:13.718" endtime="20220411 16:51:20.254"/>
</kw>
<kw name="Acessar a página home do site g1" library="kws_g1">
<kw name="Go To" library="SeleniumLibrary">
<arg>${G1_HOME_PAGE.url}</arg>
<doc>Navigates the current browser window to the provided ``url``.</doc>
<msg timestamp="20220411 16:51:20.256" level="INFO">Opening url 'https://g1.globo.com/'</msg>
<status status="PASS" starttime="20220411 16:51:20.255" endtime="20220411 16:51:23.280"/>
</kw>
<kw name="Title Should Be" library="SeleniumLibrary">
<arg>${G1_HOME_PAGE.title}</arg>
<doc>Verifies that the current page title equals ``title``.</doc>
<msg timestamp="20220411 16:51:23.366" level="INFO">Page title is 'G1 - O portal de notícias da Globo'.</msg>
<status status="PASS" starttime="20220411 16:51:23.281" endtime="20220411 16:51:23.366"/>
</kw>
<kw name="Wait Until Element Is Visible" library="SeleniumLibrary">
<arg>id=${G1_HOME_PAGE.box_id}</arg>
<arg>10</arg>
<doc>Waits until the element ``locator`` is visible.</doc>
<status status="PASS" starttime="20220411 16:51:23.366" endtime="20220411 16:51:23.387"/>
</kw>
<status status="PASS" starttime="20220411 16:51:20.255" endtime="20220411 16:51:23.387"/>
</kw>
<kw name="Digitar o tópico no campo de pesquisa" library="kws_g1">
<kw name="Input Text" library="SeleniumLibrary">
<arg>id=${G1_HOME_PAGE.box_id}</arg>
<arg>${SEARCH_TOPIC}</arg>
<doc>Types the given ``text`` into the text field identified by ``locator``.</doc>
<msg timestamp="20220411 16:51:23.389" level="INFO">Typing text 'São Gonçalo' into text field 'id=busca-campo'.</msg>
<status status="PASS" starttime="20220411 16:51:23.388" endtime="20220411 16:51:23.573"/>
</kw>
<status status="PASS" starttime="20220411 16:51:23.387" endtime="20220411 16:51:23.574"/>
</kw>
<kw name="Apertar enter no pesquisar" library="kws_g1">
<kw name="Press Keys" library="SeleniumLibrary">
<arg>id=${G1_HOME_PAGE.box_id}</arg>
<arg>ENTER</arg>
<doc>Simulates the user pressing key(s) to an element or on the active browser.</doc>
<msg timestamp="20220411 16:51:23.576" level="INFO">Sending key(s) ('ENTER',) to id=busca-campo element.</msg>
<msg timestamp="20220411 16:51:23.899" level="INFO">Pressing special key ENTER to element.</msg>
<msg timestamp="20220411 16:51:23.899" level="INFO">Releasing special key ENTER.</msg>
<status status="PASS" starttime="20220411 16:51:23.575" endtime="20220411 16:51:26.249"/>
</kw>
<status status="PASS" starttime="20220411 16:51:23.574" endtime="20220411 16:51:26.250"/>
</kw>
<kw name="Fechar navegador" library="hooks" type="TEARDOWN">
<kw name="Capture Page Screenshot" library="SeleniumLibrary">
<doc>Takes a screenshot of the current page and embeds it into a log file.</doc>
<msg timestamp="20220411 16:51:26.402" level="INFO" html="true">&lt;/td&gt;&lt;/tr&gt;&lt;tr&gt;&lt;td colspan="3"&gt;&lt;a href="selenium-screenshot-1.png"&gt;&lt;img src="selenium-screenshot-1.png" width="800px"&gt;&lt;/a&gt;</msg>
<status status="PASS" starttime="20220411 16:51:26.252" endtime="20220411 16:51:26.402"/>
</kw>
<kw name="Close Browser" library="SeleniumLibrary">
<doc>Closes the current browser.</doc>
<status status="PASS" starttime="20220411 16:51:26.402" endtime="20220411 16:51:28.770"/>
</kw>
<status status="PASS" starttime="20220411 16:51:26.251" endtime="20220411 16:51:28.770"/>
</kw>
<tag>SGNOG1</tag>
<status status="PASS" starttime="20220411 16:51:13.717" endtime="20220411 16:51:28.771"/>
</test>
<doc>This applicantion should search news of São Gonçalo in the Site g1.globo.com</doc>
<status status="PASS" starttime="20220411 16:51:13.064" endtime="20220411 16:51:28.773"/>
</suite>
<statistics>
<total>
<stat pass="1" fail="0" skip="0">All Tests</stat>
</total>
<tag>
<stat pass="1" fail="0" skip="0">SGNOG1</stat>
</tag>
<suite>
<stat pass="1" fail="0" skip="0" id="s1" name="pesquisaSGG1">pesquisaSGG1</stat>
</suite>
</statistics>
<errors>
</errors>
</robot>
