<?xml version="1.0" encoding="UTF-8"?>
<robot generator="Robot 4.1.3 (Python 3.10.2 on win32)" generated="20220318 20:14:35.958" rpa="false" schemaversion="2">
<suite id="s1" name="Auto Cadastro" source="C:\Users\rapha\Desktop\Curso Robot PHA\tests\features\auto_cadastro.robot">
<test id="s1-t1" name="Caso de Teste 04: Adicionar Cliente">
<kw name="Abrir navegador" library="hooks" type="SETUP">
<kw name="Open Browser" library="SeleniumLibrary">
<arg>about:blank</arg>
<arg>chrome</arg>
<doc>Opens a new browser instance to the optional ``url``.</doc>
<msg timestamp="20220318 20:14:36.178" level="INFO">Opening browser 'chrome' to base url 'about:blank'.</msg>
<status status="PASS" starttime="20220318 20:14:36.178" endtime="20220318 20:14:37.768"/>
</kw>
<kw name="Maximize Browser Window" library="SeleniumLibrary">
<doc>Maximizes current browser window.</doc>
<status status="PASS" starttime="20220318 20:14:37.769" endtime="20220318 20:14:37.881"/>
</kw>
<status status="PASS" starttime="20220318 20:14:36.178" endtime="20220318 20:14:37.881"/>
</kw>
<kw name="Acessar a página home do site Automation Practice" library="kws_auto_search">
<kw name="Go To" library="SeleniumLibrary">
<arg>${AUTOMATION_SITE_HOME.url}</arg>
<doc>Navigates the current browser window to the provided ``url``.</doc>
<msg timestamp="20220318 20:14:37.884" level="INFO">Opening url 'http://automationpractice.com/index.php'</msg>
<status status="PASS" starttime="20220318 20:14:37.883" endtime="20220318 20:14:41.913"/>
</kw>
<kw name="Title Should Be" library="SeleniumLibrary">
<arg>${AUTOMATION_SITE_HOME.title}</arg>
<doc>Verifies that the current page title equals ``title``.</doc>
<msg timestamp="20220318 20:14:41.918" level="INFO">Page title is 'My Store'.</msg>
<status status="PASS" starttime="20220318 20:14:41.913" endtime="20220318 20:14:41.918"/>
</kw>
<kw name="Wait Until Element Is Visible" library="SeleniumLibrary">
<arg>id=${AUTOMATION_SITE_HOME.box_id}</arg>
<arg>10</arg>
<doc>Waits until the element ``locator`` is visible.</doc>
<status status="PASS" starttime="20220318 20:14:41.919" endtime="20220318 20:14:41.935"/>
</kw>
<status status="PASS" starttime="20220318 20:14:37.882" endtime="20220318 20:14:41.936"/>
</kw>
<kw name="Clicar em &quot;Sign in&quot;" library="kws_auto_cadastro" sourcename="Clicar em &quot;${BUTTON}&quot;">
<kw name="Wait Until Element Is Visible" library="SeleniumLibrary">
<arg>xpath=//*[contains(text(), '${BUTTON}')]</arg>
<doc>Waits until the element ``locator`` is visible.</doc>
<status status="PASS" starttime="20220318 20:14:41.936" endtime="20220318 20:14:41.954"/>
</kw>
<kw name="Click Element" library="SeleniumLibrary">
<arg>xpath=//*[contains(text(), '${BUTTON}')]</arg>
<doc>Click the element identified by ``locator``.</doc>
<msg timestamp="20220318 20:14:41.955" level="INFO">Clicking element 'xpath=//*[contains(text(), 'Sign in')]'.</msg>
<status status="PASS" starttime="20220318 20:14:41.955" endtime="20220318 20:14:44.549"/>
</kw>
<status status="PASS" starttime="20220318 20:14:41.936" endtime="20220318 20:14:44.549"/>
</kw>
<kw name="Informar um e-mail válido" library="kws_auto_cadastro">
<kw name="Wait Until Element Is Visible" library="SeleniumLibrary">
<arg>email_create</arg>
<doc>Waits until the element ``locator`` is visible.</doc>
<status status="PASS" starttime="20220318 20:14:44.550" endtime="20220318 20:14:44.567"/>
</kw>
<kw name="Input Text" library="SeleniumLibrary">
<arg>email_create</arg>
<arg>prime_hero_employee@prime.com</arg>
<doc>Types the given ``text`` into the text field identified by ``locator``.</doc>
<msg timestamp="20220318 20:14:44.568" level="INFO">Typing text 'prime_hero_employee@prime.com' into text field 'email_create'.</msg>
<status status="PASS" starttime="20220318 20:14:44.567" endtime="20220318 20:14:44.655"/>
</kw>
<status status="PASS" starttime="20220318 20:14:44.549" endtime="20220318 20:14:44.655"/>
</kw>
<kw name="Clicar em &quot;Create an account&quot;" library="kws_auto_cadastro" sourcename="Clicar em &quot;${BUTTON}&quot;">
<kw name="Wait Until Element Is Visible" library="SeleniumLibrary">
<arg>xpath=//*[contains(text(), '${BUTTON}')]</arg>
<doc>Waits until the element ``locator`` is visible.</doc>
<status status="PASS" starttime="20220318 20:14:44.657" endtime="20220318 20:14:44.674"/>
</kw>
<kw name="Click Element" library="SeleniumLibrary">
<arg>xpath=//*[contains(text(), '${BUTTON}')]</arg>
<doc>Click the element identified by ``locator``.</doc>
<msg timestamp="20220318 20:14:44.675" level="INFO">Clicking element 'xpath=//*[contains(text(), 'Create an account')]'.</msg>
<status status="PASS" starttime="20220318 20:14:44.674" endtime="20220318 20:14:44.709"/>
</kw>
<status status="PASS" starttime="20220318 20:14:44.656" endtime="20220318 20:14:44.710"/>
</kw>
<kw name="Preencher os dados obrigatórios" library="kws_auto_cadastro">
<msg timestamp="20220318 20:14:44.710" level="FAIL">User keyword 'Preencher os dados obrigatórios' contains no keywords.</msg>
<status status="FAIL" starttime="20220318 20:14:44.710" endtime="20220318 20:14:44.710"/>
</kw>
<kw name="Submeter cadastro" library="kws_auto_cadastro">
<status status="NOT RUN" starttime="20220318 20:14:44.710" endtime="20220318 20:14:44.711"/>
</kw>
<kw name="Conferir se o cadastro foi efetuado com sucesso" library="kws_auto_cadastro">
<status status="NOT RUN" starttime="20220318 20:14:44.711" endtime="20220318 20:14:44.711"/>
</kw>
<kw name="Fechar navegador" library="hooks" type="TEARDOWN">
<kw name="Capture Page Screenshot" library="SeleniumLibrary">
<doc>Takes a screenshot of the current page and embeds it into a log file.</doc>
<msg timestamp="20220318 20:14:44.853" level="INFO" html="true">&lt;/td&gt;&lt;/tr&gt;&lt;tr&gt;&lt;td colspan="3"&gt;&lt;a href="selenium-screenshot-1.png"&gt;&lt;img src="selenium-screenshot-1.png" width="800px"&gt;&lt;/a&gt;</msg>
<status status="PASS" starttime="20220318 20:14:44.711" endtime="20220318 20:14:44.853"/>
</kw>
<kw name="Close Browser" library="SeleniumLibrary">
<doc>Closes the current browser.</doc>
<status status="PASS" starttime="20220318 20:14:44.853" endtime="20220318 20:14:47.073"/>
</kw>
<status status="PASS" starttime="20220318 20:14:44.711" endtime="20220318 20:14:47.073"/>
</kw>
<status status="FAIL" starttime="20220318 20:14:36.177" endtime="20220318 20:14:47.074">User keyword 'Preencher os dados obrigatórios' contains no keywords.</status>
</test>
<doc>Aqui estará o cenario de testes sobre o cadastro do site automation</doc>
<status status="FAIL" starttime="20220318 20:14:35.959" endtime="20220318 20:14:47.075"/>
</suite>
<statistics>
<total>
<stat pass="0" fail="1" skip="0">All Tests</stat>
</total>
<tag>
</tag>
<suite>
<stat pass="0" fail="1" skip="0" id="s1" name="Auto Cadastro">Auto Cadastro</stat>
</suite>
</statistics>
<errors>
</errors>
</robot>
