<?xml version="1.0" encoding="UTF-8"?>
<robot generator="Robot 4.1.3 (Python 3.10.2 on win32)" generated="20220317 22:25:12.613" rpa="false" schemaversion="2">
<suite id="s1" name="Pesquisa" source="C:\Users\rapha\Desktop\Curso Robot PHA\tests\features\pesquisa.robot">
<test id="s1-t1" name="Caso de Teste 1: pesquisar produto existente">
<kw name="Abrir navegador" library="hooks" type="SETUP">
<kw name="Open Browser" library="SeleniumLibrary">
<arg>about:blank</arg>
<arg>chrome</arg>
<doc>Opens a new browser instance to the optional ``url``.</doc>
<msg timestamp="20220317 22:25:12.847" level="INFO">Opening browser 'chrome' to base url 'about:blank'.</msg>
<status status="PASS" starttime="20220317 22:25:12.847" endtime="20220317 22:25:14.312"/>
</kw>
<kw name="Go To" library="SeleniumLibrary">
<arg>http://automationpractice.com/index.php</arg>
<doc>Navigates the current browser window to the provided ``url``.</doc>
<msg timestamp="20220317 22:25:14.313" level="INFO">Opening url 'http://automationpractice.com/index.php'</msg>
<status status="PASS" starttime="20220317 22:25:14.313" endtime="20220317 22:25:17.925"/>
</kw>
<kw name="Maximize Browser Window" library="SeleniumLibrary">
<doc>Maximizes current browser window.</doc>
<status status="PASS" starttime="20220317 22:25:17.925" endtime="20220317 22:25:18.054"/>
</kw>
<status status="PASS" starttime="20220317 22:25:12.846" endtime="20220317 22:25:18.054"/>
</kw>
<kw name="Acessar a página home do site Automation Practice" library="kws_search">
<kw name="Title Should Be" library="SeleniumLibrary">
<arg>${HOME_PAGE.title}</arg>
<doc>Verifies that the current page title equals ``title``.</doc>
<msg timestamp="20220317 22:25:18.060" level="INFO">Page title is 'My Store'.</msg>
<status status="PASS" starttime="20220317 22:25:18.055" endtime="20220317 22:25:18.060"/>
</kw>
<kw name="Wait Until Element Is Visible" library="SeleniumLibrary">
<arg>id=${HOME_PAGE.box_id}</arg>
<arg>10</arg>
<doc>Waits until the element ``locator`` is visible.</doc>
<status status="PASS" starttime="20220317 22:25:18.060" endtime="20220317 22:25:18.092"/>
</kw>
<status status="PASS" starttime="20220317 22:25:18.054" endtime="20220317 22:25:18.092"/>
</kw>
<kw name="Digitar o nome do produto no campo de pesquisa" library="kws_search">
<kw name="Input Text" library="SeleniumLibrary">
<arg>id=${HOME_PAGE.box_id}</arg>
<arg>${PRODUCT_PAGE.name}</arg>
<doc>Types the given ``text`` into the text field identified by ``locator``.</doc>
<msg timestamp="20220317 22:25:18.095" level="INFO">Typing text 'Blouse' into text field 'id=search_query_top'.</msg>
<status status="PASS" starttime="20220317 22:25:18.094" endtime="20220317 22:25:18.188"/>
</kw>
<status status="PASS" starttime="20220317 22:25:18.093" endtime="20220317 22:25:18.188"/>
</kw>
<kw name="Clicar no botão pesquisar" library="kws_search">
<kw name="Click Button" library="SeleniumLibrary">
<arg>name=${HOME_PAGE.button}</arg>
<doc>Clicks the button identified by ``locator``.</doc>
<msg timestamp="20220317 22:25:18.191" level="INFO">Clicking button 'name=submit_search'.</msg>
<status status="PASS" starttime="20220317 22:25:18.190" endtime="20220317 22:25:19.251"/>
</kw>
<status status="PASS" starttime="20220317 22:25:18.189" endtime="20220317 22:25:19.251"/>
</kw>
<kw name="Conferir se a imagem do produto foi listada no site" library="kws_search">
<kw name="Wait Until Element Is Visible" library="SeleniumLibrary">
<arg>${PRODUCT_PAGE.id}</arg>
<doc>Waits until the element ``locator`` is visible.</doc>
<status status="PASS" starttime="20220317 22:25:19.252" endtime="20220317 22:25:19.271"/>
</kw>
<kw name="Title Should Be" library="SeleniumLibrary">
<arg>${PRODUCT_PAGE.title}</arg>
<doc>Verifies that the current page title equals ``title``.</doc>
<msg timestamp="20220317 22:25:19.274" level="INFO">Page title is 'Search - My Store'.</msg>
<status status="PASS" starttime="20220317 22:25:19.272" endtime="20220317 22:25:19.274"/>
</kw>
<kw name="Page Should Contain Image" library="SeleniumLibrary">
<arg>xpath=//*[@src='${PRODUCT_PAGE.image}']</arg>
<doc>Verifies image identified by ``locator`` is found from current page.</doc>
<msg timestamp="20220317 22:25:19.284" level="INFO">Current page contains image 'xpath=//*[@src='http://automationpractice.com/img/p/7/7-home_default.jpg']'.</msg>
<status status="PASS" starttime="20220317 22:25:19.274" endtime="20220317 22:25:19.284"/>
</kw>
<status status="PASS" starttime="20220317 22:25:19.252" endtime="20220317 22:25:19.285"/>
</kw>
<kw name="Fechar navegador" library="hooks" type="TEARDOWN">
<kw name="Capture Page Screenshot" library="SeleniumLibrary">
<doc>Takes a screenshot of the current page and embeds it into a log file.</doc>
<msg timestamp="20220317 22:25:19.403" level="INFO" html="true">&lt;/td&gt;&lt;/tr&gt;&lt;tr&gt;&lt;td colspan="3"&gt;&lt;a href="selenium-screenshot-1.png"&gt;&lt;img src="selenium-screenshot-1.png" width="800px"&gt;&lt;/a&gt;</msg>
<status status="PASS" starttime="20220317 22:25:19.285" endtime="20220317 22:25:19.403"/>
</kw>
<kw name="Close Browser" library="SeleniumLibrary">
<doc>Closes the current browser.</doc>
<status status="PASS" starttime="20220317 22:25:19.404" endtime="20220317 22:25:21.529"/>
</kw>
<status status="PASS" starttime="20220317 22:25:19.285" endtime="20220317 22:25:21.529"/>
</kw>
<tag>PESQUISA</tag>
<status status="PASS" starttime="20220317 22:25:12.843" endtime="20220317 22:25:21.529"/>
</test>
<doc>Aqui serão feitos os testes web.</doc>
<status status="PASS" starttime="20220317 22:25:12.614" endtime="20220317 22:25:21.530"/>
</suite>
<statistics>
<total>
<stat pass="1" fail="0" skip="0">All Tests</stat>
</total>
<tag>
<stat pass="1" fail="0" skip="0">PESQUISA</stat>
</tag>
<suite>
<stat pass="1" fail="0" skip="0" id="s1" name="Pesquisa">Pesquisa</stat>
</suite>
</statistics>
<errors>
</errors>
</robot>
